Loading csv file.....
Data loaded successfully from week2/data/titanic.csv
   PassengerId  Survived  Pclass  ...     Fare Cabin  Embarked
0          892         0       3  ...   7.8292   NaN         Q
1          893         1       3  ...   7.0000   NaN         S
2          894         0       2  ...   9.6875   NaN         Q
3          895         0       3  ...   8.6625   NaN         S
4          896         1       3  ...  12.2875   NaN         S

[5 rows x 12 columns]
Checking for missing values...
PassengerId      0
Survived         0
Pclass           0
Name             0
Sex              0
Age             86
SibSp            0
Parch            0
Ticket           0
Fare             1
Cabin          327
Embarked         0
dtype: int64
Filling missing values....
PassengerId    0
Survived       0
Pclass         0
Name           0
Sex            0
Age            0
SibSp          0
Parch          0
Ticket         0
Fare           0
Cabin          0
Embarked       0
dtype: int64
Checking for duplicates....
False    418
Name: count, dtype: int64
Adding transformation.....
grouped_age
<18      41.463415
18-40    35.593220
41-60    33.823529
60+      50.000000
Name: Survived, dtype: float64
Calculating Family Size...
Checking for Family Size on the table...
     PassengerId  Survived  Pclass  ... Embarked grouped_age  FamilySize
0            892         0       3  ...        Q       18-40           0
1            893         1       3  ...        S       41-60           1
2            894         0       2  ...        Q         60+           0
3            895         0       3  ...        S       18-40           0
4            896         1       3  ...        S       18-40           2
..           ...       ...     ...  ...      ...         ...         ...
413         1305         0       3  ...        S       18-40           0
414         1306         1       1  ...        C       18-40           0
415         1307         0       3  ...        S       18-40           0
416         1308         0       3  ...        S       18-40           0
417         1309         0       3  ...        C       18-40           2

[418 rows x 14 columns]
Mapping Embarked Column....
   PassengerId  Survived  Pclass  ...     Embarked grouped_age  FamilySize
0          892         0       3  ...   Queenstown       18-40           0
1          893         1       3  ...  Southampton       41-60           1
2          894         0       2  ...   Queenstown         60+           0
3          895         0       3  ...  Southampton       18-40           0
4          896         1       3  ...  Southampton       18-40           2

[5 rows x 14 columns]
